

GET -- /api/blog/list -- Mozilla/5.0 (Macintosh; Intel Mac OS X 10_14_6) AppleWebKit/605.1.15 (KHTML, like Gecko) Version/12.1.2 Safari/605.1.15 -- 1585293472955
GET -- /api/blog/list -- Mozilla/5.0 (Macintosh; Intel Mac OS X 10_14_6) AppleWebKit/605.1.15 (KHTML, like Gecko) Version/12.1.2 Safari/605.1.15 -- 1585293474440
GET -- /api/blog/list -- Mozilla/5.0 (Macintosh; Intel Mac OS X 10_14_6) AppleWebKit/605.1.15 (KHTML, like Gecko) Version/12.1.2 Safari/605.1.15 -- 1585293475348
GET -- /api/blog/list -- Mozilla/5.0 (Macintosh; Intel Mac OS X 10_14_6) AppleWebKit/605.1.15 (KHTML, like Gecko) Version/12.1.2 Safari/605.1.15 -- 1585293475629
GET -- /api/blog/list -- Mozilla/5.0 (Macintosh; Intel Mac OS X 10_14_6) AppleWebKit/537.36 (KHTML, like Gecko) Chrome/80.0.3987.149 Safari/537.36 -- 1585293861051
GET -- /api/blog/list -- Mozilla/5.0 (Macintosh; Intel Mac OS X 10_14_6) AppleWebKit/537.36 (KHTML, like Gecko) Chrome/80.0.3987.149 Safari/537.36 -- 1585293861936
GET -- /api/blog/list -- Mozilla/5.0 (Macintosh; Intel Mac OS X 10_14_6) AppleWebKit/537.36 (KHTML, like Gecko) Chrome/80.0.3987.149 Safari/537.36 -- 1585293862175
GET -- /api/blog/list -- Mozilla/5.0 (Macintosh; Intel Mac OS X 10_14_6) AppleWebKit/537.36 (KHTML, like Gecko) Chrome/80.0.3987.149 Safari/537.36 -- 1585293862445
GET -- /api/blog/list -- Mozilla/5.0 (Macintosh; Intel Mac OS X 10_14_6) AppleWebKit/537.36 (KHTML, like Gecko) Chrome/80.0.3987.149 Safari/537.36 -- 1585293878370
GET -- /api/blog/list -- Mozilla/5.0 (Macintosh; Intel Mac OS X 10_14_6) AppleWebKit/537.36 (KHTML, like Gecko) Chrome/80.0.3987.149 Safari/537.36 -- 1585293878728
POST -- /api/user/login -- PostmanRuntime/7.6.0 -- 1585297807350
POST -- /api/user/login -- PostmanRuntime/7.6.0 -- 1585297879133
POST -- /api/user/login -- PostmanRuntime/7.6.0 -- 1585297930220
POST -- /api/user/login -- PostmanRuntime/7.6.0 -- 1585297966105
POST -- /api/user/login -- PostmanRuntime/7.6.0 -- 1585297993476
POST -- /api/user/login -- PostmanRuntime/7.6.0 -- 1585298005774
POST -- /api/user/login -- PostmanRuntime/7.6.0 -- 1585298038175
POST -- /api/user/login -- PostmanRuntime/7.6.0 -- 1585298089214
POST -- /api/user/login -- PostmanRuntime/7.6.0 -- 1585298090885
POST -- /api/user/login -- PostmanRuntime/7.6.0 -- 1585298117814
POST -- /api/user/login -- PostmanRuntime/7.6.0 -- 1585298148780
POST -- /api/user/login -- PostmanRuntime/7.6.0 -- 1585298294634
POST -- /api/user/login -- PostmanRuntime/7.6.0 -- 1585298320348
POST -- /api/user/login -- PostmanRuntime/7.6.0 -- 1585298352468
POST -- /api/user/login -- PostmanRuntime/7.6.0 -- 1585298418805
POST -- /api/user/login -- PostmanRuntime/7.6.0 -- 1585298438141
POST -- /api/user/login -- PostmanRuntime/7.6.0 -- 1585298440074
POST -- /api/user/login -- PostmanRuntime/7.6.0 -- 1585298495280
POST -- /api/user/login -- PostmanRuntime/7.6.0 -- 1585298501684
POST -- /api/user/login -- PostmanRuntime/7.6.0 -- 1585298516537
POST -- /api/user/login -- PostmanRuntime/7.6.0 -- 1585298530493
POST -- /api/user/login -- PostmanRuntime/7.6.0 -- 1585298540052
POST -- /api/user/login -- PostmanRuntime/7.6.0 -- 1585298544397
POST -- /api/user/login -- PostmanRuntime/7.6.0 -- 1585298547188
POST -- /api/blog/new -- PostmanRuntime/7.6.0 -- 1585298627654
POST -- /api/blog/new -- PostmanRuntime/7.6.0 -- 1585298635462
POST -- /api/blog/new -- PostmanRuntime/7.6.0 -- 1585298646163
GET -- /api/blog/list -- Mozilla/5.0 (Macintosh; Intel Mac OS X 10_14_6) AppleWebKit/537.36 (KHTML, like Gecko) Chrome/80.0.3987.149 Safari/537.36 -- 1585298742668
GET -- /api/blog/list?author=zzzz333zzz&keyword=3 -- Mozilla/5.0 (Macintosh; Intel Mac OS X 10_14_6) AppleWebKit/537.36 (KHTML, like Gecko) Chrome/80.0.3987.149 Safari/537.36 -- 1585298747730
GET -- /api/blog/list?author=zzzz333zzz&keyword=3 -- Mozilla/5.0 (Macintosh; Intel Mac OS X 10_14_6) AppleWebKit/537.36 (KHTML, like Gecko) Chrome/80.0.3987.149 Safari/537.36 -- 1585298749074
GET -- /api/blog/list?author=zzzz333zzz&keyword=3 -- Mozilla/5.0 (Macintosh; Intel Mac OS X 10_14_6) AppleWebKit/537.36 (KHTML, like Gecko) Chrome/80.0.3987.149 Safari/537.36 -- 1585298801711
GET -- /api/blog/list?author=zzzz333zzz&keyword=3 -- Mozilla/5.0 (Macintosh; Intel Mac OS X 10_14_6) AppleWebKit/537.36 (KHTML, like Gecko) Chrome/80.0.3987.149 Safari/537.36 -- 1585298802321
GET -- /api/blog/list?author=zzzz333zzz&keyword=3 -- Mozilla/5.0 (Macintosh; Intel Mac OS X 10_14_6) AppleWebKit/537.36 (KHTML, like Gecko) Chrome/80.0.3987.149 Safari/537.36 -- 1585298823815
GET -- /api/blog/list -- Mozilla/5.0 (Macintosh; Intel Mac OS X 10_14_6) AppleWebKit/537.36 (KHTML, like Gecko) Chrome/80.0.3987.149 Safari/537.36 -- 1585298941776
POST -- /api/user/login -- PostmanRuntime/7.6.0 -- 1585298969322
GET -- /api/blog/list -- Mozilla/5.0 (Macintosh; Intel Mac OS X 10_14_6) AppleWebKit/537.36 (KHTML, like Gecko) Chrome/80.0.3987.149 Safari/537.36 -- 1585298973929
GET -- /api/blog/list -- Mozilla/5.0 (Macintosh; Intel Mac OS X 10_14_6) AppleWebKit/537.36 (KHTML, like Gecko) Chrome/80.0.3987.149 Safari/537.36 -- 1585298974552
GET -- /api/blog/list -- Mozilla/5.0 (Macintosh; Intel Mac OS X 10_14_6) AppleWebKit/537.36 (KHTML, like Gecko) Chrome/80.0.3987.149 Safari/537.36 -- 1585298974738
GET -- /api/blog/list -- Mozilla/5.0 (Macintosh; Intel Mac OS X 10_14_6) AppleWebKit/537.36 (KHTML, like Gecko) Chrome/80.0.3987.149 Safari/537.36 -- 1585298974909
GET -- /api/blog/list -- Mozilla/5.0 (Macintosh; Intel Mac OS X 10_14_6) AppleWebKit/537.36 (KHTML, like Gecko) Chrome/80.0.3987.149 Safari/537.36 -- 1585298975045
GET -- /api/blog/list -- Mozilla/5.0 (Macintosh; Intel Mac OS X 10_14_6) AppleWebKit/537.36 (KHTML, like Gecko) Chrome/80.0.3987.149 Safari/537.36 -- 1585298975204
GET -- /api/blog/list -- Mozilla/5.0 (Macintosh; Intel Mac OS X 10_14_6) AppleWebKit/537.36 (KHTML, like Gecko) Chrome/80.0.3987.149 Safari/537.36 -- 1585298975356
GET -- /api/blog/list -- Mozilla/5.0 (Macintosh; Intel Mac OS X 10_14_6) AppleWebKit/537.36 (KHTML, like Gecko) Chrome/80.0.3987.149 Safari/537.36 -- 1585298976195
GET -- /api/blog/list -- Mozilla/5.0 (Macintosh; Intel Mac OS X 10_14_6) AppleWebKit/537.36 (KHTML, like Gecko) Chrome/80.0.3987.149 Safari/537.36 -- 1585298976370
GET -- /api/blog/list -- Mozilla/5.0 (Macintosh; Intel Mac OS X 10_14_6) AppleWebKit/537.36 (KHTML, like Gecko) Chrome/80.0.3987.149 Safari/537.36 -- 1585298976528
GET -- /api/blog/list -- Mozilla/5.0 (Macintosh; Intel Mac OS X 10_14_6) AppleWebKit/537.36 (KHTML, like Gecko) Chrome/80.0.3987.149 Safari/537.36 -- 1585298976691
GET -- /api/blog/list -- Mozilla/5.0 (Macintosh; Intel Mac OS X 10_14_6) AppleWebKit/537.36 (KHTML, like Gecko) Chrome/80.0.3987.149 Safari/537.36 -- 1585299009212
GET -- /api/blog/list -- Mozilla/5.0 (Macintosh; Intel Mac OS X 10_14_6) AppleWebKit/537.36 (KHTML, like Gecko) Chrome/80.0.3987.149 Safari/537.36 -- 1585299079903
GET -- /api/blog/list -- Mozilla/5.0 (Macintosh; Intel Mac OS X 10_14_6) AppleWebKit/537.36 (KHTML, like Gecko) Chrome/80.0.3987.149 Safari/537.36 -- 1585299081023
GET -- /api/blog/list -- Mozilla/5.0 (Macintosh; Intel Mac OS X 10_14_6) AppleWebKit/537.36 (KHTML, like Gecko) Chrome/80.0.3987.149 Safari/537.36 -- 1585299081893
GET -- /api/blog/list -- Mozilla/5.0 (Macintosh; Intel Mac OS X 10_14_6) AppleWebKit/537.36 (KHTML, like Gecko) Chrome/80.0.3987.149 Safari/537.36 -- 1585299082069
GET -- /api/blog/list -- Mozilla/5.0 (Macintosh; Intel Mac OS X 10_14_6) AppleWebKit/537.36 (KHTML, like Gecko) Chrome/80.0.3987.149 Safari/537.36 -- 1585299090010
GET -- /api/blog/list -- Mozilla/5.0 (Macintosh; Intel Mac OS X 10_14_6) AppleWebKit/537.36 (KHTML, like Gecko) Chrome/80.0.3987.149 Safari/537.36 -- 1585299093813
GET -- /api/blog/list -- Mozilla/5.0 (Macintosh; Intel Mac OS X 10_14_6) AppleWebKit/537.36 (KHTML, like Gecko) Chrome/80.0.3987.149 Safari/537.36 -- 1585299094691
GET -- /api/blog/list -- Mozilla/5.0 (Macintosh; Intel Mac OS X 10_14_6) AppleWebKit/537.36 (KHTML, like Gecko) Chrome/80.0.3987.149 Safari/537.36 -- 1585299094899
GET -- /api/blog/list -- Mozilla/5.0 (Macintosh; Intel Mac OS X 10_14_6) AppleWebKit/537.36 (KHTML, like Gecko) Chrome/80.0.3987.149 Safari/537.36 -- 1585299095066
GET -- /api/blog/list -- Mozilla/5.0 (Macintosh; Intel Mac OS X 10_14_6) AppleWebKit/537.36 (KHTML, like Gecko) Chrome/80.0.3987.149 Safari/537.36 -- 1585299208898
GET -- /api/blog/list -- Mozilla/5.0 (Macintosh; Intel Mac OS X 10_14_6) AppleWebKit/537.36 (KHTML, like Gecko) Chrome/80.0.3987.149 Safari/537.36 -- 1585299209777
GET -- /api/blog/list -- Mozilla/5.0 (Macintosh; Intel Mac OS X 10_14_6) AppleWebKit/537.36 (KHTML, like Gecko) Chrome/80.0.3987.149 Safari/537.36 -- 1585299209968
GET -- /api/blog/list -- Mozilla/5.0 (Macintosh; Intel Mac OS X 10_14_6) AppleWebKit/537.36 (KHTML, like Gecko) Chrome/80.0.3987.149 Safari/537.36 -- 1585299210140
GET -- /api/blog/list -- Mozilla/5.0 (Macintosh; Intel Mac OS X 10_14_6) AppleWebKit/537.36 (KHTML, like Gecko) Chrome/80.0.3987.149 Safari/537.36 -- 1585299210284
GET -- /api/blog/list?author=zzzz333zzz&keyword=3 -- Mozilla/5.0 (Macintosh; Intel Mac OS X 10_14_6) AppleWebKit/537.36 (KHTML, like Gecko) Chrome/80.0.3987.149 Safari/537.36 -- 1585299214482
GET -- /api/blog/list?author=zzzz333zzz&keyword=3 -- Mozilla/5.0 (Macintosh; Intel Mac OS X 10_14_6) AppleWebKit/537.36 (KHTML, like Gecko) Chrome/80.0.3987.149 Safari/537.36 -- 1585299216193
GET -- /api/blog/list?author=%3Cscript%3Ealert(1)%3C/script%3E&keyword=3 -- Mozilla/5.0 (Macintosh; Intel Mac OS X 10_14_6) AppleWebKit/537.36 (KHTML, like Gecko) Chrome/80.0.3987.149 Safari/537.36 -- 1585299229108
GET -- /api/blog/list?author=%3Cscript%3Ealert(1)%3C/script%3E&keyword=3 -- Mozilla/5.0 (Macintosh; Intel Mac OS X 10_14_6) AppleWebKit/537.36 (KHTML, like Gecko) Chrome/80.0.3987.149 Safari/537.36 -- 1585299230616
GET -- /api/blog/list?author=%3Cscript%3Ealert(1)%3C/script%3E&keyword=3 -- Mozilla/5.0 (Macintosh; Intel Mac OS X 10_14_6) AppleWebKit/537.36 (KHTML, like Gecko) Chrome/80.0.3987.149 Safari/537.36 -- 1585299232003
GET -- /api/blog/list?author=%3Cscript%3Ealert(1)%3C/script%3E&keyword=3 -- Mozilla/5.0 (Macintosh; Intel Mac OS X 10_14_6) AppleWebKit/537.36 (KHTML, like Gecko) Chrome/80.0.3987.149 Safari/537.36 -- 1585299243934
GET -- /api/blog/list?author=%3Cscript%3Ealert(1)%3C/script%3E&keyword=3 -- Mozilla/5.0 (Macintosh; Intel Mac OS X 10_14_6) AppleWebKit/537.36 (KHTML, like Gecko) Chrome/80.0.3987.149 Safari/537.36 -- 1585299244714
GET -- /api/blog/list?author=%3Cscript%3Ealert(1)%3C/script%3E&keyword=3 -- Mozilla/5.0 (Macintosh; Intel Mac OS X 10_14_6) AppleWebKit/537.36 (KHTML, like Gecko) Chrome/80.0.3987.149 Safari/537.36 -- 1585299244902
GET -- /api/blog/list?author=%3Cscript%3Ealert(1)%3C/script%3E&keyword=3 -- Mozilla/5.0 (Macintosh; Intel Mac OS X 10_14_6) AppleWebKit/537.36 (KHTML, like Gecko) Chrome/80.0.3987.149 Safari/537.36 -- 1585299245089
GET -- /api/blog/list?author=%3Cscript%3Ealert(1)%3C/script%3E&keyword=3 -- Mozilla/5.0 (Macintosh; Intel Mac OS X 10_14_6) AppleWebKit/537.36 (KHTML, like Gecko) Chrome/80.0.3987.149 Safari/537.36 -- 1585299245258
GET -- /api/blog/list?author=%3Cscript%3Ealert(1)%3C/script%3E&keyword=3 -- Mozilla/5.0 (Macintosh; Intel Mac OS X 10_14_6) AppleWebKit/537.36 (KHTML, like Gecko) Chrome/80.0.3987.149 Safari/537.36 -- 1585299245443
GET -- /api/blog/list?author=%3Cscript%3Ealert(1)%3C/script%3E&keyword=3 -- Mozilla/5.0 (Macintosh; Intel Mac OS X 10_14_6) AppleWebKit/537.36 (KHTML, like Gecko) Chrome/80.0.3987.149 Safari/537.36 -- 1585299245620
GET -- /api/blog/list?author=%3Cscript%3Ealert(1)%3C/script%3E&keyword=3 -- Mozilla/5.0 (Macintosh; Intel Mac OS X 10_14_6) AppleWebKit/537.36 (KHTML, like Gecko) Chrome/80.0.3987.149 Safari/537.36 -- 1585299246160
GET -- /api/blog/list?author=%3Cscript%3Ealert(1)%3C/script%3E&keyword=3 -- Mozilla/5.0 (Macintosh; Intel Mac OS X 10_14_6) AppleWebKit/537.36 (KHTML, like Gecko) Chrome/80.0.3987.149 Safari/537.36 -- 1585299246325
POST -- /api/user/login -- PostmanRuntime/7.6.0 -- 1585300103246
POST -- /api/user/login -- PostmanRuntime/7.6.0 -- 1585300114699
POST -- /api/user/login -- PostmanRuntime/7.6.0 -- 1585300127193
POST -- /api/user/login -- PostmanRuntime/7.6.0 -- 1585300148079
POST -- /api/user/login -- PostmanRuntime/7.6.0 -- 1585300153762
POST -- /api/user/login -- PostmanRuntime/7.6.0 -- 1585300175183
POST -- /api/user/login -- PostmanRuntime/7.6.0 -- 1585300176714
POST -- /api/user/login -- PostmanRuntime/7.6.0 -- 1585300246826
